#
# A fatal error has been detected by the Java Runtime Environment:
#
#  EXCEPTION_UNCAUGHT_CXX_EXCEPTION (0xe06d7363) at pc=0x00007ffeecaacd29, pid=18796, tid=14044
#
# JRE version: Java(TM) SE Runtime Environment (17.0.5+9) (build 17.0.5+9-LTS-191)
# Java VM: Java HotSpot(TM) 64-Bit Server VM (17.0.5+9-LTS-191, mixed mode, sharing, tiered, compressed oops, compressed class ptrs, g1 gc, windows-amd64)
# Problematic frame:
# C  [KERNELBASE.dll+0x2cd29]
#
# No core dump will be written. Minidumps are not enabled by default on client versions of Windows
#
# If you would like to submit a bug report, please visit:
#   https://bugreport.java.com/bugreport/crash.jsp
# The crash happened outside the Java Virtual Machine in native code.
# See problematic frame for where to report the bug.
#

---------------  S U M M A R Y ------------

Command Line: -Dfile.encoding=UTF8 -ea -Xmx1024m 

Host: 11th Gen Intel(R) Core(TM) i5-1135G7 @ 2.40GHz, 8 cores, 7G,  Windows 10 , 64 bit Build 19041 (10.0.19041.2546)
Time: Thu Mar  2 10:27:43 2023 대한민국 표준시 elapsed time: 0.658856 seconds (0d 0h 0m 0s)

---------------  T H R E A D  ---------------

Current thread (0x000001f491065250):  JavaThread "main" [_thread_in_native, id=14044, stack(0x0000008789200000,0x00000087893f0000)]

Stack: [0x0000008789200000,0x00000087893f0000],  sp=0x00000087893eb420,  free space=1965k
Native frames: (J=compiled Java code, j=interpreted, Vv=VM code, C=native code)
C  [KERNELBASE.dll+0x2cd29]
C  [VCRUNTIME140_1.dll+0x2793]
C  [ntdll.dll+0xa17a6]
C  0x00007ffe52c7ae61
C  0x00007ffe52c7b6b3
C  0x00007ffe52c6affb
C  0x000001f499bed621

Java frames: (J=compiled Java code, j=interpreted, Vv=VM code)
j  org.jpype.manager.TypeFactoryNative.newWrapper(JJ)V+0
j  org.jpype.JPypeContext.newWrapper(J)V+16
v  ~StubRoutines::call_stub

siginfo: EXCEPTION_UNCAUGHT_CXX_EXCEPTION (0xe06d7363), ExceptionInformation=0x0000000019930520 0x00000087893ede90 0x00007ffe52ca6df8 0x00007ffe52c40000 


Register to memory mapping:

RIP=0x00007ffeecaacd29 KERNELBASE.dll
RAX=0x00000000000001b6 is an unknown value
RBX=0x00000087893ecef0 is pointing into the stack for thread: 0x000001f491065250
RCX=0x0000008700000003 is an unknown value
RDX=0x00000087893ed0a0 is pointing into the stack for thread: 0x000001f491065250
RSP=0x00000087893eb420 is pointing into the stack for thread: 0x000001f491065250
RBP=0x00000087893ebb00 is pointing into the stack for thread: 0x000001f491065250
RSI=0x00000087893edd00 is pointing into the stack for thread: 0x000001f491065250
RDI=0x00000087893ec2a0 is pointing into the stack for thread: 0x000001f491065250
R8 =0x0 is NULL
R9 =0x0 is NULL
R10=0x00007ffe5223ba02 points into unknown readable memory: 0f b6 0d 2a 9f 8b
R11=0x000001fd3ffe2f22 is an unknown value
R12=0x0 is NULL
R13=0x00000087893eb588 is pointing into the stack for thread: 0x000001f491065250
R14=0x00000087893ec2a0 is pointing into the stack for thread: 0x000001f491065250
R15=0x00000087893ec408 is pointing into the stack for thread: 0x000001f491065250


Registers:
RAX=0x00000000000001b6, RBX=0x00000087893ecef0, RCX=0x0000008700000003, RDX=0x00000087893ed0a0
RSP=0x00000087893eb420, RBP=0x00000087893ebb00, RSI=0x00000087893edd00, RDI=0x00000087893ec2a0
R8 =0x0000000000000000, R9 =0x0000000000000000, R10=0x00007ffe5223ba02, R11=0x000001fd3ffe2f22
R12=0x0000000000000000, R13=0x00000087893eb588, R14=0x00000087893ec2a0, R15=0x00000087893ec408
RIP=0x00007ffeecaacd29, EFLAGS=0x0000000000000202

Top of Stack: (sp=0x00000087893eb420)
0x00000087893eb420:   0000000000000000 00000087893ecef0
0x00000087893eb430:   00000087893edd00 00007ffe52c5bd51
0x00000087893eb440:   00000001e06d7363 0000000000000000
0x00000087893eb450:   00007ffeecaacd29 0000000000000004
0x00000087893eb460:   0000000019930520 00000087893ede90
0x00000087893eb470:   00007ffe52ca6df8 00007ffe52c40000
0x00000087893eb480:   0000e40aa891852e 00007ffe52c8e0af
0x00000087893eb490:   00000087893ecef0 00007ffec2f434e9
0x00000087893eb4a0:   0000008700000000 00007ffec2f480e4
0x00000087893eb4b0:   00007ffed6ea62b0 00007ffed6ea6280
0x00000087893eb4c0:   00000087893ec2a0 00007ffec2f43429
0x00000087893eb4d0:   00000087893ecef0 00000087893edd00
0x00000087893eb4e0:   0000a51b0e34a896 00007ffed6ea6280
0x00000087893eb4f0:   00000087893ecef0 00007ffec2f42793
0x00000087893eb500:   00007ffe52c8e070 00000087893ec408
0x00000087893eb510:   0000008700000100 00000087af8eb818 

Instructions: (pc=0x00007ffeecaacd29)
0x00007ffeecaacc29:   07 00 48 8b 84 24 b8 00 00 00 48 8b 8c 24 b0 05
0x00007ffeecaacc39:   00 00 48 33 cc e8 7d 0b 06 00 48 81 c4 c0 05 00
0x00007ffeecaacc49:   00 41 5f 41 5e 41 5d 5e 5b c3 cc 48 ff 15 55 9b
0x00007ffeecaacc59:   19 00 0f 1f 44 00 00 eb b0 cc cc cc cc cc cc cc
0x00007ffeecaacc69:   cc cc cc cc cc cc cc 40 53 48 83 ec 30 48 8b d1
0x00007ffeecaacc79:   48 8d 4c 24 20 e8 5d 23 00 00 85 c0 74 26 48 8b
0x00007ffeecaacc89:   4c 24 28 e8 ef 38 00 00 48 8d 4c 24 20 8b d8 48
0x00007ffeecaacc99:   ff 15 61 95 19 00 0f 1f 44 00 00 8b c3 48 83 c4
0x00007ffeecaacca9:   30 5b c3 cc 83 c8 ff eb f4 cc cc cc cc cc cc cc
0x00007ffeecaaccb9:   cc cc cc cc cc cc cc 48 81 ec d8 00 00 00 48 8b
0x00007ffeecaaccc9:   05 a2 71 26 00 48 33 c4 48 89 84 24 c0 00 00 00
0x00007ffeecaaccd9:   48 83 64 24 28 00 48 8d 05 da ff ff ff 83 e2 01
0x00007ffeecaacce9:   89 4c 24 20 89 54 24 24 48 89 44 24 30 4d 85 c9
0x00007ffeecaaccf9:   74 4c b8 0f 00 00 00 48 8d 4c 24 40 44 3b c0 49
0x00007ffeecaacd09:   8b d1 44 0f 47 c0 44 89 44 24 38 49 c1 e0 03 e8
0x00007ffeecaacd19:   fa bc 06 00 48 8d 4c 24 20 48 ff 15 a7 9c 19 00
0x00007ffeecaacd29:   0f 1f 44 00 00 48 8b 8c 24 c0 00 00 00 48 33 cc
0x00007ffeecaacd39:   e8 82 0a 06 00 48 81 c4 d8 00 00 00 c3 cc 83 64
0x00007ffeecaacd49:   24 38 00 eb cf cc cc cc cc cc cc cc cc cc cc cc
0x00007ffeecaacd59:   cc cc cc cc cc cc cc 65 48 8b 04 25 30 00 00 00
0x00007ffeecaacd69:   8b 40 68 c3 cc cc cc cc cc cc cc cc cc cc cc cc
0x00007ffeecaacd79:   cc cc cc cc cc cc cc 48 89 5c 24 10 48 89 74 24
0x00007ffeecaacd89:   18 57 41 54 41 55 41 56 41 57 48 81 ec b0 02 00
0x00007ffeecaacd99:   00 48 8b 05 cf 70 26 00 48 33 c4 48 89 84 24 a0
0x00007ffeecaacda9:   02 00 00 48 8d 15 3f fc 19 00 48 85 c9 48 0f 45
0x00007ffeecaacdb9:   d1 48 89 94 24 80 00 00 00 48 83 c8 ff 48 ff c0
0x00007ffeecaacdc9:   80 3c 02 00 75 f7 48 ff c0 48 89 84 24 88 00 00
0x00007ffeecaacdd9:   00 48 89 94 24 90 00 00 00 4c 8d 8c 24 88 00 00
0x00007ffeecaacde9:   00 33 d2 b9 06 00 01 40 44 8d 42 02 e8 c6 fe ff
0x00007ffeecaacdf9:   ff e9 f0 01 00 00 33 f6 48 89 74 24 60 45 33 ff
0x00007ffeecaace09:   4c 89 7c 24 48 45 33 f6 4c 89 74 24 58 33 ff 48
0x00007ffeecaace19:   89 7c 24 50 e8 3e ff ff ff 89 44 24 40 48 39 35 


Stack slot to memory mapping:
stack at sp + 0 slots: 0x0 is NULL
stack at sp + 1 slots: 0x00000087893ecef0 is pointing into the stack for thread: 0x000001f491065250
stack at sp + 2 slots: 0x00000087893edd00 is pointing into the stack for thread: 0x000001f491065250
stack at sp + 3 slots: 0x00007ffe52c5bd51 points into unknown readable memory: 48 8b 5c 24 60 4b 8d
stack at sp + 4 slots: 0x00000001e06d7363 is an unknown value
stack at sp + 5 slots: 0x0 is NULL
stack at sp + 6 slots: 0x00007ffeecaacd29 KERNELBASE.dll
stack at sp + 7 slots: 0x0000000000000004 is an unknown value


---------------  P R O C E S S  ---------------

Threads class SMR info:
_java_thread_list=0x000001f4ae9673e0, length=12, elements={
0x000001f491065250, 0x000001f491065bf0, 0x000001f49105fbb0, 0x000001f4910613c0,
0x000001f491060080, 0x000001f491060ef0, 0x000001f491092200, 0x000001f491093b50,
0x000001f491093130, 0x000001f4910660c0, 0x000001f491060550, 0x000001f491063a40
}

Java Threads: ( => current thread )
=>0x000001f491065250 JavaThread "main" [_thread_in_native, id=14044, stack(0x0000008789200000,0x00000087893f0000)]
  0x000001f491065bf0 JavaThread "Reference Handler" daemon [_thread_blocked, id=28884, stack(0x000000878c080000,0x000000878c270000)]
  0x000001f49105fbb0 JavaThread "Finalizer" daemon [_thread_blocked, id=5724, stack(0x000000878c270000,0x000000878c460000)]
  0x000001f4910613c0 JavaThread "Attach Listener" daemon [_thread_blocked, id=27848, stack(0x000000878c650000,0x000000878c840000)]
  0x000001f491060080 JavaThread "Service Thread" daemon [_thread_blocked, id=21452, stack(0x000000878c840000,0x000000878ca30000)]
  0x000001f491060ef0 JavaThread "Monitor Deflation Thread" daemon [_thread_blocked, id=20524, stack(0x000000878ca30000,0x000000878cc20000)]
  0x000001f491092200 JavaThread "C2 CompilerThread0" daemon [_thread_blocked, id=28940, stack(0x000000878cc20000,0x000000878ce10000)]
  0x000001f491093b50 JavaThread "C1 CompilerThread0" daemon [_thread_blocked, id=26024, stack(0x000000878ce10000,0x000000878d000000)]
  0x000001f491093130 JavaThread "Sweeper thread" daemon [_thread_blocked, id=21772, stack(0x000000878d000000,0x000000878d1f0000)]
  0x000001f4910660c0 JavaThread "Notification Thread" daemon [_thread_blocked, id=18824, stack(0x000000878d1f0000,0x000000878d3e0000)]
  0x000001f491060550 JavaThread "Common-Cleaner" daemon [_thread_blocked, id=30056, stack(0x000000878d5d0000,0x000000878d7c0000)]
  0x000001f491063a40 JavaThread "SIGINT handler" daemon [_thread_blocked, id=28504, stack(0x000000878df80000,0x000000878e170000)]

Other Threads:
  0x000001f490d4fd00 VMThread "VM Thread" [stack: 0x000000878be90000,0x000000878c080000] [id=29168] _threads_hazard_ptr=0x000001f4ae9673e0
  0x000001f49104f850 GCTaskThread "GC Thread#0" [stack: 0x000000878b4e0000,0x000000878b6d0000] [id=18672]
  0x000001f49104dd70 GCTaskThread "GC Thread#1" [stack: 0x000000878d9b0000,0x000000878dba0000] [id=29984]
  0x000001f49104e020 GCTaskThread "GC Thread#2" [stack: 0x000000878dba0000,0x000000878dd90000] [id=28420]
  0x000001f49104e2d0 GCTaskThread "GC Thread#3" [stack: 0x000000878dd90000,0x000000878df80000] [id=22024]
  0x000001f490fa5ba0 ConcurrentGCThread "G1 Main Marker" terminated
  0x000001f49104e830 ConcurrentGCThread "G1 Conc#0" [stack: 0x000000878b8c0000,0x000000878bab0000] [id=22784]
  0x000001f490e45720 ConcurrentGCThread "G1 Refine#0" terminated
  0x000001f491009a20 ConcurrentGCThread "G1 Service" terminated

Threads with active compile tasks:
C1 CompilerThread0      761  444       3       java.lang.reflect.Method::isVarArgs (5 bytes)

VM state: at safepoint (normal execution)

VM Mutex/Monitor currently owned by a thread:  ([mutex/lock_event])
[0x000001f491513010] Threads_lock - owner thread: 0x000001f490d4fd00
[0x000001f491512320] Heap_lock - owner thread: 0x000001f491063a40

Heap address: 0x00000000c0000000, size: 1024 MB, Compressed Oops mode: 32-bit

CDS archive(s) mapped at: [0x0000000800000000-0x0000000800bd0000-0x0000000800bd0000), size 12386304, SharedBaseAddress: 0x0000000800000000, ArchiveRelocationMode: 0.
Compressed class space mapped at: 0x0000000800c00000-0x0000000840c00000, reserved size: 1073741824
Narrow klass base: 0x0000000800000000, Narrow klass shift: 0, Narrow klass range: 0x100000000

GC Precious Log:
 CPUs: 8 total, 8 available
 Memory: 7916M
 Large Page Support: Disabled
 NUMA Support: Disabled
 Compressed Oops: Enabled (32-bit)
 Heap Region Size: 1M
 Heap Min Capacity: 8M
 Heap Initial Capacity: 124M
 Heap Max Capacity: 1G
 Pre-touch: Disabled
 Parallel Workers: 8
 Concurrent Workers: 2
 Concurrent Refinement Workers: 8
 Periodic GC: Disabled

Heap:
 garbage-first heap   total 8192K, used 1549K [0x00000000c0000000, 0x0000000100000000)
  region size 1024K, 1 young (1024K), 0 survivors (0K)
 Metaspace       used 1378K, committed 1536K, reserved 1056768K
  class space    used 123K, committed 192K, reserved 1048576K

Heap Regions: E=young(eden), S=young(survivor), O=old, HS=humongous(starts), HC=humongous(continues), CS=collection set, F=free, OA=open archive, CA=closed archive, TAMS=top-at-mark-start (previous, next)
|   0|0x00000000c0000000, 0x00000000c00fa738, 0x00000000c0100000| 97%| O|  |TAMS 0x00000000c0000000, 0x00000000c0000000| Untracked 
|   1|0x00000000c0100000, 0x00000000c0188dd0, 0x00000000c0200000| 53%| O|  |TAMS 0x00000000c0100000, 0x00000000c0100000| Untracked 
|   2|0x00000000c0200000, 0x00000000c0200000, 0x00000000c0300000|  0%| F|  |TAMS 0x00000000c0200000, 0x00000000c0200000| Untracked 
|   3|0x00000000c0300000, 0x00000000c0300000, 0x00000000c0400000|  0%| F|  |TAMS 0x00000000c0300000, 0x00000000c0300000| Untracked 
|   4|0x00000000c0400000, 0x00000000c0400000, 0x00000000c0500000|  0%| F|  |TAMS 0x00000000c0400000, 0x00000000c0400000| Untracked 
|   5|0x00000000c0500000, 0x00000000c0500000, 0x00000000c0600000|  0%| F|  |TAMS 0x00000000c0500000, 0x00000000c0500000| Untracked 
|   6|0x00000000c0600000, 0x00000000c0600000, 0x00000000c0700000|  0%| F|  |TAMS 0x00000000c0600000, 0x00000000c0600000| Untracked 
|   7|0x00000000c0700000, 0x00000000c0799c50, 0x00000000c0800000| 60%| E|  |TAMS 0x00000000c0700000, 0x00000000c0700000| Complete 

Card table byte_map: [0x000001f4a9860000,0x000001f4a9a60000] _byte_map_base: 0x000001f4a9260000

Marking Bits (Prev, Next): (CMBitMap*) 0x000001f490efdf70, (CMBitMap*) 0x000001f490efdf30
 Prev Bits: [0x000001f4aac60000, 0x000001f4abc60000)
 Next Bits: [0x000001f4a9c60000, 0x000001f4aac60000)

Polling page: 0x000001f499bc0000

Metaspace:

Usage:
  Non-class:      1.23 MB used.
      Class:    123.24 KB used.
       Both:      1.35 MB used.

Virtual space:
  Non-class space:        8.00 MB reserved,       1.31 MB ( 16%) committed,  1 nodes.
      Class space:        1.00 GB reserved,     192.00 KB ( <1%) committed,  1 nodes.
             Both:        1.01 GB reserved,       1.50 MB ( <1%) committed. 

Chunk freelists:
   Non-Class:  3.89 MB
       Class:  3.73 MB
        Both:  7.62 MB

MaxMetaspaceSize: unlimited
CompressedClassSpaceSize: 1.00 GB
Initial GC threshold: 21.00 MB
Current GC threshold: 21.00 MB
CDS: on
MetaspaceReclaimPolicy: balanced
 - commit_granule_bytes: 65536.
 - commit_granule_words: 8192.
 - virtual_space_node_default_size: 1048576.
 - enlarge_chunks_in_place: 1.
 - new_chunks_are_fully_committed: 0.
 - uncommit_free_chunks: 1.
 - use_allocation_guard: 0.
 - handle_deallocations: 1.


Internal statistics:

num_allocs_failed_limit: 0.
num_arena_births: 10.
num_arena_deaths: 0.
num_vsnodes_births: 2.
num_vsnodes_deaths: 0.
num_space_committed: 24.
num_space_uncommitted: 0.
num_chunks_returned_to_freelist: 0.
num_chunks_taken_from_freelist: 20.
num_chunk_merges: 0.
num_chunk_splits: 12.
num_chunks_enlarged: 9.
num_purges: 0.
num_inconsistent_stats: 0.

CodeHeap 'non-profiled nmethods': size=120000Kb used=115Kb max_used=115Kb free=119884Kb
 bounds [0x000001f4a16b0000, 0x000001f4a1920000, 0x000001f4a8be0000]
CodeHeap 'profiled nmethods': size=120000Kb used=599Kb max_used=599Kb free=119400Kb
 bounds [0x000001f49a180000, 0x000001f49a3f0000, 0x000001f4a16b0000]
CodeHeap 'non-nmethods': size=5760Kb used=1128Kb max_used=1142Kb free=4631Kb
 bounds [0x000001f499be0000, 0x000001f499e50000, 0x000001f49a180000]
 total_blobs=841 nmethods=443 adapters=311
 compilation: enabled
              stopped_count=0, restarted_count=0
 full_count=0

Compilation events (20 events):
Event: 0.628 Thread 0x000001f491092200  440       4       org.jpype.manager.MethodResolution::of (2 bytes)
Event: 0.628 Thread 0x000001f491092200 nmethod 440 0x000001f4a16cc490 code [0x000001f4a16cc600, 0x000001f4a16cc658]
Event: 0.628 Thread 0x000001f491093b50 nmethod 436 0x000001f49a212310 code [0x000001f49a212520, 0x000001f49a212b78]
Event: 0.628 Thread 0x000001f491093b50  437       3       java.util.ArrayList::rangeCheckForAdd (26 bytes)
Event: 0.628 Thread 0x000001f491093b50 nmethod 437 0x000001f49a212e10 code [0x000001f49a213040, 0x000001f49a213688]
Event: 0.628 Thread 0x000001f491093b50  439       3       java.lang.reflect.Method::getParameterTypes (11 bytes)
Event: 0.628 Thread 0x000001f491093b50 nmethod 439 0x000001f49a213910 code [0x000001f49a213ac0, 0x000001f49a213d88]
Event: 0.628 Thread 0x000001f491093b50  438       3       java.util.stream.PipelineHelper::<init> (5 bytes)
Event: 0.628 Thread 0x000001f491093b50 nmethod 438 0x000001f49a213e90 code [0x000001f49a214020, 0x000001f49a214178]
Event: 0.628 Thread 0x000001f491093b50  433       1       java.lang.reflect.Method::getAnnotationBytes (5 bytes)
Event: 0.628 Thread 0x000001f491093b50 nmethod 433 0x000001f4a16cc790 code [0x000001f4a16cc920, 0x000001f4a16cc9f8]
Event: 0.628 Thread 0x000001f491093b50  434       1       java.lang.reflect.Modifier::methodModifiers (4 bytes)
Event: 0.628 Thread 0x000001f491093b50 nmethod 434 0x000001f4a16cca90 code [0x000001f4a16ccc20, 0x000001f4a16cccd8]
Event: 0.628 Thread 0x000001f491093b50  441       3       java.util.AbstractCollection::isEmpty (13 bytes)
Event: 0.628 Thread 0x000001f491093b50 nmethod 441 0x000001f49a214210 code [0x000001f49a2143c0, 0x000001f49a2145e8]
Event: 0.629 Thread 0x000001f491093b50  442       3       org.jpype.manager.TypeManager::isBeanAccessor (59 bytes)
Event: 0.629 Thread 0x000001f491093b50 nmethod 442 0x000001f49a214690 code [0x000001f49a2148a0, 0x000001f49a214fc8]
Event: 0.629 Thread 0x000001f491093b50  447       3       org.jpype.manager.MethodResolution::isMoreSpecificThan (65 bytes)
Event: 0.629 Thread 0x000001f491093b50 nmethod 447 0x000001f49a215210 code [0x000001f49a215440, 0x000001f49a215cd8]
Event: 0.629 Thread 0x000001f491093b50  444       3       java.lang.reflect.Method::isVarArgs (5 bytes)

GC Heap History (2 events):
Event: 0.598 GC heap before
{Heap before GC invocations=0 (full 0):
 garbage-first heap   total 126976K, used 3072K [0x00000000c0000000, 0x0000000100000000)
  region size 1024K, 5 young (5120K), 0 survivors (0K)
 Metaspace       used 1347K, committed 1472K, reserved 1056768K
  class space    used 120K, committed 192K, reserved 1048576K
}
Event: 0.602 GC heap after
{Heap after GC invocations=1 (full 1):
 garbage-first heap   total 8192K, used 1549K [0x00000000c0000000, 0x0000000100000000)
  region size 1024K, 0 young (0K), 0 survivors (0K)
 Metaspace       used 1347K, committed 1472K, reserved 1056768K
  class space    used 120K, committed 192K, reserved 1048576K
}

Deoptimization events (6 events):
Event: 0.486 Thread 0x000001f491065250 DEOPT PACKING pc=0x000001f49a195d67 sp=0x00000087893edf90
Event: 0.486 Thread 0x000001f491065250 DEOPT UNPACKING pc=0x000001f499c366e3 sp=0x00000087893ed3b0 mode 0
Event: 0.488 Thread 0x000001f491065250 DEOPT PACKING pc=0x000001f49a185651 sp=0x00000087893edc30
Event: 0.488 Thread 0x000001f491065250 DEOPT UNPACKING pc=0x000001f499c366e3 sp=0x00000087893ed0a8 mode 0
Event: 0.544 Thread 0x000001f491065250 DEOPT PACKING pc=0x000001f49a185651 sp=0x00000087893edf50
Event: 0.544 Thread 0x000001f491065250 DEOPT UNPACKING pc=0x000001f499c366e3 sp=0x00000087893ed3c8 mode 0

Classes unloaded (0 events):
No events

Classes redefined (0 events):
No events

Internal exceptions (6 events):
Event: 0.388 Thread 0x000001f491065250 Exception <a 'java/lang/NoClassDefFoundError'{0x00000000c797dac8}: org/jpype/classloader/DynamicClassLoader> (0x00000000c797dac8) 
thrown [s\open\src\hotspot\share\classfile\systemDictionary.cpp, line 245]
Event: 0.478 Thread 0x000001f491065250 Exception <a 'sun/nio/fs/WindowsException'{0x00000000c788e7c0}> (0x00000000c788e7c0) 
thrown [s\open\src\hotspot\share\prims\jni.cpp, line 516]
Event: 0.479 Thread 0x000001f491065250 Exception <a 'sun/nio/fs/WindowsException'{0x00000000c788f158}> (0x00000000c788f158) 
thrown [s\open\src\hotspot\share\prims\jni.cpp, line 516]
Event: 0.572 Thread 0x000001f491065250 Exception <a 'java/lang/NoSuchMethodError'{0x00000000c77180c8}: 'java.lang.Object java.lang.invoke.DirectMethodHandle$Holder.invokeInterface(java.lang.Object, java.lang.Object)'> (0x00000000c77180c8) 
thrown [s\open\src\hotspot\share\interpreter\linkResolver.cpp, line 759]
Event: 0.572 Thread 0x000001f491065250 Exception <a 'java/lang/IncompatibleClassChangeError'{0x00000000c771b788}: Found class java.lang.Object, but interface was expected> (0x00000000c771b788) 
thrown [s\open\src\hotspot\share\interpreter\linkResolver.cpp, line 826]
Event: 0.623 Thread 0x000001f4910630a0 Exception <a 'java/lang/InterruptedException'{0x00000000c07000d8}> (0x00000000c07000d8) 
thrown [s\open\src\hotspot\share\runtime\objectMonitor.cpp, line 1661]

VM Operations (7 events):
Event: 0.413 Executing VM operation: HandshakeAllThreads
Event: 0.413 Executing VM operation: HandshakeAllThreads done
Event: 0.597 Executing VM operation: G1CollectFull
Event: 0.602 Executing VM operation: G1CollectFull done
Event: 0.623 Executing VM operation: ThreadDump
Event: 0.623 Executing VM operation: ThreadDump done
Event: 0.629 Executing VM operation: Exit

Events (20 events):
Event: 0.590 loading class jdk/internal/reflect/MethodAccessorGenerator$1 done
Event: 0.590 loading class jdk/internal/reflect/ClassDefiner
Event: 0.590 loading class jdk/internal/reflect/ClassDefiner done
Event: 0.590 loading class jdk/internal/reflect/ClassDefiner$1
Event: 0.590 loading class jdk/internal/reflect/ClassDefiner$1 done
Event: 0.590 loading class jdk/internal/reflect/BootstrapConstructorAccessorImpl
Event: 0.590 loading class jdk/internal/reflect/BootstrapConstructorAccessorImpl done
Event: 0.593 loading class java/lang/Deprecated
Event: 0.594 loading class java/lang/Deprecated done
Event: 0.594 loading class java/lang/annotation/Documented
Event: 0.594 loading class java/lang/annotation/Documented done
Event: 0.611 loading class jdk/internal/misc/Signal$1
Event: 0.611 loading class jdk/internal/misc/Signal$1 done
Event: 0.611 Thread 0x000001f491063a40 Thread added: 0x000001f491063a40
Event: 0.612 Thread 0x000001f491061890 Thread added: 0x000001f491061890
Event: 0.623 Thread 0x000001f4910630a0 Thread exited: 0x000001f4910630a0
Event: 0.625 loading class java/nio/charset/CharacterCodingException
Event: 0.626 loading class java/nio/charset/CharacterCodingException done
Event: 0.629 Thread 0x000001f491061890 Thread exited: 0x000001f491061890
Event: 0.629 Thread 0x000001f491062700 Thread exited: 0x000001f491062700


Dynamic libraries:
0x00007ff777c90000 - 0x00007ff777caa000 	C:\Users\DONGA\AppData\Local\Programs\Python\Python311\python.exe
0x00007ffeeeef0000 - 0x00007ffeef0e8000 	C:\Windows\SYSTEM32\ntdll.dll
0x00007ffeed090000 - 0x00007ffeed14f000 	C:\Windows\System32\KERNEL32.DLL
0x00007ffeeca80000 - 0x00007ffeecd52000 	C:\Windows\System32\KERNELBASE.dll
0x00007ffeec950000 - 0x00007ffeeca50000 	C:\Windows\System32\ucrtbase.dll
0x00007ffe5af30000 - 0x00007ffe5b4fe000 	C:\Users\DONGA\AppData\Local\Programs\Python\Python311\python311.dll
0x00007ffed6e90000 - 0x00007ffed6eab000 	C:\Users\DONGA\AppData\Local\Programs\Python\Python311\VCRUNTIME140.dll
0x00007ffeeec00000 - 0x00007ffeeec6b000 	C:\Windows\System32\WS2_32.dll
0x00007ffeecf60000 - 0x00007ffeed085000 	C:\Windows\System32\RPCRT4.dll
0x00007ffeeca50000 - 0x00007ffeeca77000 	C:\Windows\System32\bcrypt.dll
0x00007ffeed430000 - 0x00007ffeed4de000 	C:\Windows\System32\ADVAPI32.dll
0x00007ffeeecf0000 - 0x00007ffeeed8e000 	C:\Windows\System32\msvcrt.dll
0x00007ffedf4a0000 - 0x00007ffedf4aa000 	C:\Windows\SYSTEM32\VERSION.dll
0x00007ffeed4e0000 - 0x00007ffeed57c000 	C:\Windows\System32\sechost.dll
0x00007ffeecd90000 - 0x00007ffeece12000 	C:\Windows\System32\bcryptprimitives.dll
0x000001f4f0a80000 - 0x000001f4f0a8f000 	C:\Users\DONGA\AppData\Local\Programs\Python\Python311\python3.DLL
0x00007ffed2bc0000 - 0x00007ffed2bd5000 	C:\Users\DONGA\AppData\Local\Programs\Python\Python311\DLLs\_socket.pyd
0x00007ffeeba40000 - 0x00007ffeeba7b000 	C:\Windows\SYSTEM32\IPHLPAPI.DLL
0x00007ffee3450000 - 0x00007ffee3459000 	C:\Users\DONGA\AppData\Local\Programs\Python\Python311\DLLs\select.pyd
0x00007ffec1b30000 - 0x00007ffec1b58000 	C:\Users\DONGA\AppData\Local\Programs\Python\Python311\DLLs\_ssl.pyd
0x00007ffeec6f0000 - 0x00007ffeec846000 	C:\Windows\System32\CRYPT32.dll
0x00007ffec1a80000 - 0x00007ffec1b2e000 	C:\Users\DONGA\AppData\Local\Programs\Python\Python311\DLLs\libssl-1_1.dll
0x00007ffe5b960000 - 0x00007ffe5bcaf000 	C:\Users\DONGA\AppData\Local\Programs\Python\Python311\DLLs\libcrypto-1_1.dll
0x00007ffeed1b0000 - 0x00007ffeed351000 	C:\Windows\System32\USER32.dll
0x00007ffeecd60000 - 0x00007ffeecd82000 	C:\Windows\System32\win32u.dll
0x00007ffeecf30000 - 0x00007ffeecf5b000 	C:\Windows\System32\GDI32.dll
0x00007ffeece20000 - 0x00007ffeecf2f000 	C:\Windows\System32\gdi32full.dll
0x00007ffeec650000 - 0x00007ffeec6ed000 	C:\Windows\System32\msvcp_win.dll
0x00007ffeed3f0000 - 0x00007ffeed422000 	C:\Windows\System32\IMM32.DLL
0x00007ffeebda0000 - 0x00007ffeebe0a000 	C:\Windows\system32\mswsock.dll
0x00007ffec1a00000 - 0x00007ffec1a11000 	C:\Users\DONGA\AppData\Local\Programs\Python\Python311\DLLs\_hashlib.pyd
0x00007ffed6e80000 - 0x00007ffed6e89000 	C:\Users\DONGA\AppData\Local\Programs\Python\Python311\DLLs\_queue.pyd
0x00007ffed2700000 - 0x00007ffed2707000 	C:\Users\DONGA\AppData\Local\Programs\Python\Python311\Lib\site-packages\charset_normalizer\md.cp311-win_amd64.pyd
0x00007ffec1900000 - 0x00007ffec1921000 	C:\Users\DONGA\AppData\Local\Programs\Python\Python311\Lib\site-packages\charset_normalizer\md__mypyc.cp311-win_amd64.pyd
0x00007ffead790000 - 0x00007ffead8a8000 	C:\Users\DONGA\AppData\Local\Programs\Python\Python311\DLLs\unicodedata.pyd
0x00007ffead770000 - 0x00007ffead785000 	C:\Users\DONGA\AppData\Local\Programs\Python\Python311\DLLs\_bz2.pyd
0x00007ffead740000 - 0x00007ffead769000 	C:\Users\DONGA\AppData\Local\Programs\Python\Python311\DLLs\_lzma.pyd
0x00007ffead700000 - 0x00007ffead73f000 	C:\Users\DONGA\AppData\Local\Programs\Python\Python311\DLLs\_decimal.pyd
0x00007ffead6e0000 - 0x00007ffead6f3000 	C:\Users\DONGA\AppData\Local\Programs\Python\Python311\Lib\site-packages\_mysql_connector.cp311-win_amd64.pyd
0x00007ffe5a840000 - 0x00007ffe5af22000 	C:\Users\DONGA\AppData\Local\Programs\Python\Python311\Lib\site-packages\libmysql.dll
0x00007ffeeba90000 - 0x00007ffeebb5b000 	C:\Windows\SYSTEM32\DNSAPI.dll
0x00007ffed31b0000 - 0x00007ffed31bc000 	C:\Windows\SYSTEM32\Secur32.dll
0x00007ffe92420000 - 0x00007ffe924cd000 	C:\Users\DONGA\AppData\Local\Programs\Python\Python311\Lib\site-packages\libssl-1_1-x64.dll
0x00007ffec2f40000 - 0x00007ffec2f4c000 	C:\Users\DONGA\AppData\Local\Programs\Python\Python311\VCRUNTIME140_1.dll
0x00007ffec9590000 - 0x00007ffec961e000 	C:\Windows\SYSTEM32\MSVCP140.dll
0x00007ffe5a4e0000 - 0x00007ffe5a831000 	C:\Users\DONGA\AppData\Local\Programs\Python\Python311\Lib\site-packages\libcrypto-1_1-x64.dll
0x00007ffeec4d0000 - 0x00007ffeec502000 	C:\Windows\SYSTEM32\SSPICLI.DLL
0x00007ffeed360000 - 0x00007ffeed368000 	C:\Windows\System32\NSI.dll
0x00007ffec19f0000 - 0x00007ffec19f7000 	C:\Users\DONGA\AppData\Local\Programs\Python\Python311\DLLs\_uuid.pyd
0x00007ffec2370000 - 0x00007ffec2387000 	C:\Windows\system32\napinsp.dll
0x00007ffec2350000 - 0x00007ffec236b000 	C:\Windows\system32\pnrpnsp.dll
0x00007ffee49a0000 - 0x00007ffee49b5000 	C:\Windows\system32\wshbth.dll
0x00007ffee5360000 - 0x00007ffee537d000 	C:\Windows\system32\NLAapi.dll
0x00007ffec2330000 - 0x00007ffec2342000 	C:\Windows\System32\winrnr.dll
0x00007ffee1520000 - 0x00007ffee152a000 	C:\Windows\System32\rasadhlp.dll
0x00007ffee11c0000 - 0x00007ffee1240000 	C:\Windows\System32\fwpuclnt.dll
0x00007ffead6c0000 - 0x00007ffead6d1000 	C:\Users\DONGA\AppData\Local\Programs\Python\Python311\DLLs\_asyncio.pyd
0x00007ffec1940000 - 0x00007ffec194e000 	C:\Users\DONGA\AppData\Local\Programs\Python\Python311\DLLs\_overlapped.pyd
0x00007ffe61150000 - 0x00007ffe6116e000 	C:\Users\DONGA\AppData\Local\Programs\Python\Python311\DLLs\_ctypes.pyd
0x00007ffeedd90000 - 0x00007ffeedeba000 	C:\Windows\System32\ole32.dll
0x00007ffeee650000 - 0x00007ffeee9a5000 	C:\Windows\System32\combase.dll
0x00007ffeee3c0000 - 0x00007ffeee48d000 	C:\Windows\System32\OLEAUT32.dll
0x00007ffec18f0000 - 0x00007ffec18fb000 	C:\Users\DONGA\AppData\Local\Programs\Python\Python311\DLLs\libffi-8.dll
0x00007ffe57fc0000 - 0x00007ffe59e6f000 	C:\Users\DONGA\AppData\Local\Programs\Python\Python311\Lib\site-packages\numpy\.libs\libopenblas64__v0.3.21-gcc_10_3_0.dll
0x00007ffe5a210000 - 0x00007ffe5a4da000 	C:\Users\DONGA\AppData\Local\Programs\Python\Python311\Lib\site-packages\numpy\core\_multiarray_umath.cp311-win_amd64.pyd
0x00007ffe61130000 - 0x00007ffe61145000 	C:\Users\DONGA\AppData\Local\Programs\Python\Python311\Lib\site-packages\numpy\core\_multiarray_tests.cp311-win_amd64.pyd
0x00007ffe61110000 - 0x00007ffe6112e000 	C:\Users\DONGA\AppData\Local\Programs\Python\Python311\Lib\site-packages\numpy\linalg\_umath_linalg.cp311-win_amd64.pyd
0x00007ffe610f0000 - 0x00007ffe61110000 	C:\Users\DONGA\AppData\Local\Programs\Python\Python311\Lib\site-packages\numpy\fft\_pocketfft_internal.cp311-win_amd64.pyd
0x00007ffe61060000 - 0x00007ffe610ef000 	C:\Users\DONGA\AppData\Local\Programs\Python\Python311\Lib\site-packages\numpy\random\mtrand.cp311-win_amd64.pyd
0x00007ffe61030000 - 0x00007ffe61056000 	C:\Users\DONGA\AppData\Local\Programs\Python\Python311\Lib\site-packages\numpy\random\bit_generator.cp311-win_amd64.pyd
0x00007ffe61000000 - 0x00007ffe6102d000 	C:\Users\DONGA\AppData\Local\Programs\Python\Python311\Lib\site-packages\numpy\random\_common.cp311-win_amd64.pyd
0x00007ffe60fc0000 - 0x00007ffe60ffb000 	C:\Users\DONGA\AppData\Local\Programs\Python\Python311\Lib\site-packages\numpy\random\_bounded_integers.cp311-win_amd64.pyd
0x00007ffe60fa0000 - 0x00007ffe60fb4000 	C:\Users\DONGA\AppData\Local\Programs\Python\Python311\Lib\site-packages\numpy\random\_mt19937.cp311-win_amd64.pyd
0x00007ffe60f80000 - 0x00007ffe60f93000 	C:\Users\DONGA\AppData\Local\Programs\Python\Python311\Lib\site-packages\numpy\random\_philox.cp311-win_amd64.pyd
0x00007ffe60c90000 - 0x00007ffe60ca6000 	C:\Users\DONGA\AppData\Local\Programs\Python\Python311\Lib\site-packages\numpy\random\_pcg64.cp311-win_amd64.pyd
0x00007ffebcf40000 - 0x00007ffebcf50000 	C:\Users\DONGA\AppData\Local\Programs\Python\Python311\Lib\site-packages\numpy\random\_sfc64.cp311-win_amd64.pyd
0x00007ffe60530000 - 0x00007ffe605d3000 	C:\Users\DONGA\AppData\Local\Programs\Python\Python311\Lib\site-packages\numpy\random\_generator.cp311-win_amd64.pyd
0x00007ffe60c70000 - 0x00007ffe60c87000 	C:\Users\DONGA\AppData\Local\Programs\Python\Python311\Lib\site-packages\scipy\_lib\_ccallback_c.cp311-win_amd64.pyd
0x00007ffe57c90000 - 0x00007ffe57fb2000 	C:\Users\DONGA\AppData\Local\Programs\Python\Python311\Lib\site-packages\scipy\sparse\_sparsetools.cp311-win_amd64.pyd
0x00007ffe604a0000 - 0x00007ffe60527000 	C:\Users\DONGA\AppData\Local\Programs\Python\Python311\Lib\site-packages\scipy\sparse\_csparsetools.cp311-win_amd64.pyd
0x00007ffe60450000 - 0x00007ffe60497200 	C:\Users\DONGA\AppData\Local\Programs\Python\Python311\Lib\site-packages\scipy\sparse\linalg\_isolve\_iterative.cp311-win_amd64.pyd
0x00007ffe55e20000 - 0x00007ffe57c84000 	C:\Users\DONGA\AppData\Local\Programs\Python\Python311\Lib\site-packages\scipy.libs\libopenblas-802f9ed1179cb9c9b03d67ff79f48187.dll
0x00007ffe5fed0000 - 0x00007ffe5ff70200 	C:\Users\DONGA\AppData\Local\Programs\Python\Python311\Lib\site-packages\scipy\linalg\_fblas.cp311-win_amd64.pyd
0x00007ffe59ff0000 - 0x00007ffe5a20e200 	C:\Users\DONGA\AppData\Local\Programs\Python\Python311\Lib\site-packages\scipy\linalg\_flapack.cp311-win_amd64.pyd
0x00007ffe5fe60000 - 0x00007ffe5fecb000 	C:\Users\DONGA\AppData\Local\Programs\Python\Python311\Lib\site-packages\scipy\linalg\_cythonized_array_utils.cp311-win_amd64.pyd
0x00007ffe60c50000 - 0x00007ffe60c6f200 	C:\Users\DONGA\AppData\Local\Programs\Python\Python311\Lib\site-packages\scipy\linalg\_flinalg.cp311-win_amd64.pyd
0x00007ffe60410000 - 0x00007ffe6044f000 	C:\Users\DONGA\AppData\Local\Programs\Python\Python311\Lib\site-packages\scipy\linalg\_solve_toeplitz.cp311-win_amd64.pyd
0x00007ffe5e2c0000 - 0x00007ffe5e2f9000 	C:\Users\DONGA\AppData\Local\Programs\Python\Python311\Lib\site-packages\scipy\linalg\_matfuncs_sqrtm_triu.cp311-win_amd64.pyd
0x00007ffe5e250000 - 0x00007ffe5e2b1000 	C:\Users\DONGA\AppData\Local\Programs\Python\Python311\Lib\site-packages\scipy\linalg\_matfuncs_expm.cp311-win_amd64.pyd
0x00007ffe5e130000 - 0x00007ffe5e1b3200 	C:\Users\DONGA\AppData\Local\Programs\Python\Python311\Lib\site-packages\scipy\linalg\cython_lapack.cp311-win_amd64.pyd
0x00007ffe5e200000 - 0x00007ffe5e240200 	C:\Users\DONGA\AppData\Local\Programs\Python\Python311\Lib\site-packages\scipy\linalg\cython_blas.cp311-win_amd64.pyd
0x00007ffe5b900000 - 0x00007ffe5b952000 	C:\Users\DONGA\AppData\Local\Programs\Python\Python311\Lib\site-packages\scipy\linalg\_decomp_update.cp311-win_amd64.pyd
0x00007ffe59f90000 - 0x00007ffe59fef200 	C:\Users\DONGA\AppData\Local\Programs\Python\Python311\Lib\site-packages\scipy\sparse\linalg\_dsolve\_superlu.cp311-win_amd64.pyd
0x00007ffe55d50000 - 0x00007ffe55e18200 	C:\Users\DONGA\AppData\Local\Programs\Python\Python311\Lib\site-packages\scipy\sparse\linalg\_eigen\arpack\_arpack.cp311-win_amd64.pyd
0x00007ffe59f20000 - 0x00007ffe59f89000 	C:\Users\DONGA\AppData\Local\Programs\Python\Python311\Lib\site-packages\scipy\sparse\csgraph\_shortest_path.cp311-win_amd64.pyd
0x00007ffe5fab0000 - 0x00007ffe5fadd000 	C:\Users\DONGA\AppData\Local\Programs\Python\Python311\Lib\site-packages\scipy\sparse\csgraph\_tools.cp311-win_amd64.pyd
0x00007ffe5e100000 - 0x00007ffe5e12a000 	C:\Users\DONGA\AppData\Local\Programs\Python\Python311\Lib\site-packages\scipy\sparse\csgraph\_traversal.cp311-win_amd64.pyd
0x00007ffe55d10000 - 0x00007ffe55d46000 	C:\Users\DONGA\AppData\Local\Programs\Python\Python311\Lib\site-packages\scipy\sparse\csgraph\_min_spanning_tree.cp311-win_amd64.pyd
0x00007ffe55cc0000 - 0x00007ffe55d07000 	C:\Users\DONGA\AppData\Local\Programs\Python\Python311\Lib\site-packages\scipy\sparse\csgraph\_flow.cp311-win_amd64.pyd
0x00007ffe55c70000 - 0x00007ffe55cb7000 	C:\Users\DONGA\AppData\Local\Programs\Python\Python311\Lib\site-packages\scipy\sparse\csgraph\_matching.cp311-win_amd64.pyd
0x00007ffe55c20000 - 0x00007ffe55c64000 	C:\Users\DONGA\AppData\Local\Programs\Python\Python311\Lib\site-packages\scipy\sparse\csgraph\_reordering.cp311-win_amd64.pyd
0x00007ffeb3720000 - 0x00007ffeb3729000 	C:\Users\DONGA\AppData\Local\Programs\Python\Python311\DLLs\_multiprocessing.pyd
0x00007ffeb3670000 - 0x00007ffeb3679000 	C:\Users\DONGA\AppData\Local\Programs\Python\Python311\Lib\site-packages\numpy\linalg\lapack_lite.cp311-win_amd64.pyd
0x00007ffe55780000 - 0x00007ffe55900000 	C:\Users\DONGA\AppData\Local\Programs\Python\Python311\Lib\site-packages\scipy\spatial\_ckdtree.cp311-win_amd64.pyd
0x00007ffe55690000 - 0x00007ffe5577e200 	C:\Users\DONGA\AppData\Local\Programs\Python\Python311\Lib\site-packages\scipy\spatial\_qhull.cp311-win_amd64.pyd
0x00007ffe60c30000 - 0x00007ffe60c43000 	C:\Users\DONGA\AppData\Local\Programs\Python\Python311\Lib\site-packages\scipy\_lib\messagestream.cp311-win_amd64.pyd
0x00007ffe55be0000 - 0x00007ffe55c14000 	C:\Users\DONGA\AppData\Local\Programs\Python\Python311\Lib\site-packages\scipy\spatial\_voronoi.cp311-win_amd64.pyd
0x00007ffe55bb0000 - 0x00007ffe55bd3000 	C:\Users\DONGA\AppData\Local\Programs\Python\Python311\Lib\site-packages\scipy\spatial\_distance_wrap.cp311-win_amd64.pyd
0x00007ffe55b70000 - 0x00007ffe55ba5000 	C:\Users\DONGA\AppData\Local\Programs\Python\Python311\Lib\site-packages\scipy\spatial\_hausdorff.cp311-win_amd64.pyd
0x00007ffe554d0000 - 0x00007ffe5568a200 	C:\Users\DONGA\AppData\Local\Programs\Python\Python311\Lib\site-packages\scipy\special\_ufuncs.cp311-win_amd64.pyd
0x00007ffe55370000 - 0x00007ffe554c3000 	C:\Users\DONGA\AppData\Local\Programs\Python\Python311\Lib\site-packages\scipy\special\_ufuncs_cxx.cp311-win_amd64.pyd
0x00007ffe55300000 - 0x00007ffe5536e000 	C:\Users\DONGA\AppData\Local\Programs\Python\Python311\Lib\site-packages\scipy\special\_specfun.cp311-win_amd64.pyd
0x00007ffe60b70000 - 0x00007ffe60b81000 	C:\Users\DONGA\AppData\Local\Programs\Python\Python311\Lib\site-packages\scipy\special\_comb.cp311-win_amd64.pyd
0x00007ffe603f0000 - 0x00007ffe6040a200 	C:\Users\DONGA\AppData\Local\Programs\Python\Python311\Lib\site-packages\scipy\special\_ellip_harm_2.cp311-win_amd64.pyd
0x00007ffe551d0000 - 0x00007ffe552f6000 	C:\Users\DONGA\AppData\Local\Programs\Python\Python311\Lib\site-packages\scipy\spatial\_distance_pybind.cp311-win_amd64.pyd
0x00007ffe55130000 - 0x00007ffe551c5000 	C:\Users\DONGA\AppData\Local\Programs\Python\Python311\Lib\site-packages\scipy\spatial\transform\_rotation.cp311-win_amd64.pyd
0x00007ffe55100000 - 0x00007ffe5512d000 	C:\Users\DONGA\AppData\Local\Programs\Python\Python311\Lib\site-packages\scipy\ndimage\_nd_image.cp311-win_amd64.pyd
0x00007ffe550a0000 - 0x00007ffe550f5000 	C:\Users\DONGA\AppData\Local\Programs\Python\Python311\Lib\site-packages\scipy\ndimage\_ni_label.cp311-win_amd64.pyd
0x00007ffe5e1e0000 - 0x00007ffe5e1fa000 	C:\Users\DONGA\AppData\Local\Programs\Python\Python311\Lib\site-packages\scipy\optimize\_minpack2.cp311-win_amd64.pyd
0x00007ffe54f90000 - 0x00007ffe55092000 	C:\Users\DONGA\AppData\Local\Programs\Python\Python311\Lib\site-packages\scipy\optimize\_group_columns.cp311-win_amd64.pyd
0x00007ffe54f30000 - 0x00007ffe54f80200 	C:\Users\DONGA\AppData\Local\Programs\Python\Python311\Lib\site-packages\scipy\optimize\_trlib\_trlib.cp311-win_amd64.pyd
0x00007ffe54eb0000 - 0x00007ffe54f22200 	C:\Users\DONGA\AppData\Local\Programs\Python\Python311\Lib\site-packages\scipy\optimize\_lbfgsb.cp311-win_amd64.pyd
0x00007ffe54e80000 - 0x00007ffe54ea5000 	C:\Users\DONGA\AppData\Local\Programs\Python\Python311\Lib\site-packages\scipy\optimize\_moduleTNC.cp311-win_amd64.pyd
0x00007ffe54e10000 - 0x00007ffe54e7c000 	C:\Users\DONGA\AppData\Local\Programs\Python\Python311\Lib\site-packages\scipy\optimize\_cobyla.cp311-win_amd64.pyd
0x00007ffe5b8e0000 - 0x00007ffe5b900000 	C:\Users\DONGA\AppData\Local\Programs\Python\Python311\Lib\site-packages\scipy\optimize\_slsqp.cp311-win_amd64.pyd
0x00007ffe59eb0000 - 0x00007ffe59ed0000 	C:\Users\DONGA\AppData\Local\Programs\Python\Python311\Lib\site-packages\scipy\optimize\_minpack.cp311-win_amd64.pyd
0x00007ffe54dd0000 - 0x00007ffe54e03000 	C:\Users\DONGA\AppData\Local\Programs\Python\Python311\Lib\site-packages\scipy\optimize\_lsq\givens_elimination.cp311-win_amd64.pyd
0x00007ffeae290000 - 0x00007ffeae29e000 	C:\Users\DONGA\AppData\Local\Programs\Python\Python311\Lib\site-packages\scipy\optimize\_zeros.cp311-win_amd64.pyd

dbghelp: loaded successfully - version: 4.0.5 - missing functions: none
symbol engine: initialized successfully - sym options: 0x614 - pdb path: .;C:\Users\DONGA\AppData\Local\Programs\Python\Python311;C:\Windows\SYSTEM32;C:\Users\DONGA\AppData\Local\Programs\Python\Python311\DLLs;C:\Users\DONGA\AppData\Local\Programs\Python\Python311\Lib\site-packages\charset_normalizer;C:\Users\DONGA\AppData\Local\Programs\Python\Python311\Lib\site-packages;C:\Users\DONGA\AppData\Local\Programs\Python\Python311\Lib\site-packages\numpy\.libs;C:\Users\DONGA\AppData\Local\Programs\Python\Python311\Lib\site-packages\numpy\core;C:\Users\DONGA\AppData\Local\Programs\Python\Python311\Lib\site-packages\numpy\linalg;C:\Users\DONGA\AppData\Local\Programs\Python\Python311\Lib\site-packages\numpy\fft;C:\Users\DONGA\AppData\Local\Programs\Python\Python311\Lib\site-packages\numpy\random;C:\Users\DONGA\AppData\Local\Programs\Python\Python311\Lib\site-packages\scipy\_lib;C:\Users\DONGA\AppData\Local\Programs\Python\Python311\Lib\site-packages\scipy\sparse;C:\Users\DONGA\AppData\Local\Programs\Python\Python311\Lib\site-packages\scipy\sparse\linalg\_isolve;C:\Users\DONGA\AppData\Local\Programs\Python\Python311\Lib\site-packages\scipy.libs;C:\Users\DONGA\AppData\Local\Programs\Python\Python311\Lib\site-packages\scipy\linalg;C:\Users\DONGA\AppData\Local\Programs\Python\Python311\Lib\site-packages\scipy\sparse\linalg\_dsolve;C:\Users\DONGA\AppData\Local\Programs\Python\Python311\Lib\site-packages\scipy\sparse\linalg\_eigen\arpack;C:\Users\DONGA\AppData\Local\Programs\Python\Python311\Lib\site-packages\scipy\sparse\csgraph;C:\Users\DONGA\AppData\Local\Programs\Python\Python311\Lib\site-packages\scipy\spatial;C:\Users\DONGA\AppData\Local\Programs\Python\Python311\Lib\site-packages\scipy\special;C:\Users\DONGA\AppData\Local\Programs\Python\Python311\Lib\site-packages\scipy\spatial\transform;C:\Users\DONGA\AppData\Local\Programs\Python\Python311\Lib\site-packages\scipy\ndimage;C:\Users\DONGA\AppData\Local\Programs\Python\Python311\Lib\site-packages\scipy\optimize;C:\Users\DONGA\AppData\Local\Programs\Python\Python311\Lib\site-packages\scipy\optimize\_trlib;C:\Users\DONGA\AppData\Local\Programs\Python\Python311\Lib\site-packages\scipy\optimize\_lsq;C:\Users\DONGA\AppData\Local\Programs\Python\Python311\Lib\site-packages\scipy\optimize\_highs;C:\Users\DONGA\AppData\Local\Programs\Python\Python311\Lib\site-packages\scipy\integrate;C:\Users\DONGA\AppData\Local\Programs\Python\Python311\Lib\site-packages\scipy\stats;C:\Users\DONGA\AppData\Local\Programs\Python\Python311\Lib\site-packages\scipy\stats\_boost;C:\Users\DONGA\AppData\Local\Programs\Python\Python311\Lib\site-packages\scipy\interpolate;C:\Users\DONGA\AppData\Local\Programs\Python\Python311\Lib\site-packages\scipy\stats\_levy_stable;C:\Users\DONGA\AppData\Local\Programs\Python\Python311\Lib\site-packages\scipy\_lib\_uarray;C:\Users\DONGA\AppData\Local\Programs\Python\Python311\Lib\site-packages\scipy\fft\_pocketfft;C:\Users\DONGA\AppData\Local\Programs\Python\Python311\Lib\site-packages\scipy\stats\_rcont;C:\Users\DONGA\AppData\Local\Programs\Python\Python311\Lib\site-packages\gensim;C:\Users\DONGA\AppData\Local\Programs\Python\Python311\Lib\site-packages\gensim\corpora;C:\Users\DONGA\AppData\Local\Programs\Python\Python311\Lib\site-packages\gensim\models;C:\Users\DONGA\AppData\Local\Programs\Python\Python311\Lib\site-packages\gensim\similarities;C:\Program Files\Java\jdk-17.0.5\bin\server;C:\Program Files\Java\jdk-17.0.5\bin

VM Arguments:
jvm_args: -Dfile.encoding=UTF8 -ea -Xmx1024m 
java_command: <unknown>
java_class_path (initial): C:\Users\DONGA\AppData\Local\Programs\Python\Python311\Lib\site-packages\konlpy\java;C:\Users\DONGA\AppData\Local\Programs\Python\Python311\Lib\site-packages\konlpy\java\bin;C:\Users\DONGA\AppData\Local\Programs\Python\Python311\Lib\site-packages\konlpy\java\aho-corasick.jar;C:\Users\DONGA\AppData\Local\Programs\Python\Python311\Lib\site-packages\konlpy\java\jhannanum-0.8.4.jar;C:\Users\DONGA\AppData\Local\Programs\Python\Python311\Lib\site-packages\konlpy\java\kkma-2.0.jar;C:\Users\DONGA\AppData\Local\Programs\Python\Python311\Lib\site-packages\konlpy\java\komoran-3.0.jar;C:\Users\DONGA\AppData\Local\Programs\Python\Python311\Lib\site-packages\konlpy\java\open-korean-text-2.1.0.jar;C:\Users\DONGA\AppData\Local\Programs\Python\Python311\Lib\site-packages\konlpy\java\scala-library-2.12.3.jar;C:\Users\DONGA\AppData\Local\Programs\Python\Python311\Lib\site-packages\konlpy\java\shineware-common-1.0.jar;C:\Users\DONGA\AppData\Local\Programs\Python\Python311\Lib\site-packages\konlpy\java\shineware-ds-1.0.jar;C:\Users\DONGA\AppData\Local\Programs\Python\Python311\Lib\site-packages\konlpy\java\snakeyaml-1.12.jar;C:\Users\DONGA\AppData\Local\Programs\Python\Python311\Lib\site-packages\konlpy\java\twitter-text-1.14.7.jar;C:\Users\DONGA\AppData\Local\Programs\Python\Python311\Lib\site-packages\konlpy\java\jhannanum-0.8.4.jar;C:\Users\DONGA\AppData\Local\Programs\Python\Python311\Lib\site-packages\konlpy\java\kkma-2.0.jar;C:\Users\DONGA\AppData\Local\Programs\Python\Python311\Lib\site-packages\konlpy\java\aho-corasick.jar;C:\Users\DONGA\AppData\Local\Programs\Python\Python311\Lib\site-packages\konlpy\java\shineware-common-1.0.jar;C:\Users\DONGA\AppData\Local\Programs\Python\Python311\Lib\site-packages\konlpy\java\shineware-ds-1.0.jar;C:\Users\DONGA\AppData\Local\Programs\Python\Python311\Lib\site-packages\konlpy\java\komoran-3.0.jar;C:\Users\DONGA\AppData\Local\Programs\Python\Python311\Lib\site-packages\konlpy\java\snakeyaml-1.12.jar;C:\Users\DONGA
Launcher Type: generic

[Global flags]
     intx CICompilerCount                          = 4                                         {product} {ergonomic}
     uint ConcGCThreads                            = 2                                         {product} {ergonomic}
     uint G1ConcRefinementThreads                  = 8                                         {product} {ergonomic}
   size_t G1HeapRegionSize                         = 1048576                                   {product} {ergonomic}
    uintx GCDrainStackTargetSize                   = 64                                        {product} {ergonomic}
   size_t InitialHeapSize                          = 130023424                                 {product} {ergonomic}
   size_t MarkStackSize                            = 4194304                                   {product} {ergonomic}
   size_t MaxHeapSize                              = 1073741824                                {product} {command line}
   size_t MaxNewSize                               = 643825664                                 {product} {ergonomic}
   size_t MinHeapDeltaBytes                        = 1048576                                   {product} {ergonomic}
   size_t MinHeapSize                              = 8388608                                   {product} {ergonomic}
    uintx NonNMethodCodeHeapSize                   = 5839372                                {pd product} {ergonomic}
    uintx NonProfiledCodeHeapSize                  = 122909434                              {pd product} {ergonomic}
    uintx ProfiledCodeHeapSize                     = 122909434                              {pd product} {ergonomic}
    uintx ReservedCodeCacheSize                    = 251658240                              {pd product} {ergonomic}
     bool SegmentedCodeCache                       = true                                      {product} {ergonomic}
   size_t SoftMaxHeapSize                          = 1073741824                             {manageable} {ergonomic}
     bool UseCompressedClassPointers               = true                           {product lp64_product} {ergonomic}
     bool UseCompressedOops                        = true                           {product lp64_product} {ergonomic}
     bool UseG1GC                                  = true                                      {product} {ergonomic}
     bool UseLargePagesIndividualAllocation        = false                                  {pd product} {ergonomic}

Logging:
Log output configuration:
 #0: stdout all=warning uptime,level,tags
 #1: stderr all=off uptime,level,tags

Environment Variables:
JAVA_HOME=C:\Program Files\Java\jdk-17.0.5\bin\server
PATH=C:\Program Files\Common Files\Oracle\Java\javapath;C:\Program Files\NVIDIA GPU Computing Toolkit\CUDA\v11.6\bin;C:\Program Files\NVIDIA GPU Computing Toolkit\CUDA\v11.6\libnvvp;C:\Windows\system32;C:\Windows;C:\Windows\System32\Wbem;C:\Windows\System32\WindowsPowerShell\v1.0\;C:\Windows\System32\OpenSSH\;C:\Program Files (x86)\Penta Security Systems\ISign Desktop\;C:\Program Files\Git\cmd;C:\Program Files\Bandizip\;C:\python3;C:\Program Files (x86)\Common Files\Propellerhead Software\ReWire\;C:\Program Files\Common Files\Propellerhead Software\ReWire\;C:\Program Files\NVIDIA Corporation\Nsight Compute 2022.1.1\;C:\Program Files (x86)\NVIDIA Corporation\PhysX\Common;C:\php;C:\Program Files\MySQL\MySQL Shell 8.0\bin\;C:\Users\DONGA\AppData\Local\Microsoft\WindowsApps;C:\python3;C:\php;;C:\Users\DONGA\AppData\Local\Programs\Microsoft VS Code\bin
USERNAME=DONGA
OS=Windows_NT
PROCESSOR_IDENTIFIER=Intel64 Family 6 Model 140 Stepping 1, GenuineIntel



---------------  S Y S T E M  ---------------

OS:
 Windows 10 , 64 bit Build 19041 (10.0.19041.2546)
OS uptime: 2 days 12:45 hours

CPU: total 8 (initial active 8) (4 cores per cpu, 2 threads per core) family 6 model 140 stepping 1 microcode 0x8a, cx8, cmov, fxsr, ht, mmx, 3dnowpref, sse, sse2, sse3, ssse3, sse4.1, sse4.2, popcnt, lzcnt, tsc, tscinvbit, avx, avx2, aes, erms, clmul, bmi1, bmi2, adx, avx512f, avx512dq, avx512cd, avx512bw, avx512vl, sha, fma, vzeroupper, avx512_vpopcntdq, avx512_vpclmulqdq, avx512_vaes, avx512_vnni, clflush, clflushopt, clwb, avx512_vbmi2, avx512_vbmi

Memory: 4k page, system-wide physical 7916M (605M free)
TotalPageFile size 27485M (AvailPageFile size 8525M)
current process WorkingSet (physical memory assigned to process): 128M, peak: 133M
current process commit charge ("private bytes"): 614M, peak: 741M

vm_info: Java HotSpot(TM) 64-Bit Server VM (17.0.5+9-LTS-191) for windows-amd64 JRE (17.0.5+9-LTS-191), built on Sep 13 2022 17:31:43 by "mach5one" with MS VC++ 16.8 / 16.9 (VS2019)

END.
